<?xml version="1.0" encoding="UTF-8"?>
<!-- Generated by org.testng.reporters.JUnitXMLReporter -->
<testsuite ignored="0" hostname="AJIT-LAP" failures="3" tests="9" name="Demo Test" time="119.432" errors="0" timestamp="2022-09-15T13:53:48 IST">
  <testcase classname="testng_exception.new_exception" name="sample_automation" time="0.0">
    <failure type="org.testng.TestNGException" message="
Cannot inject @Test annotated Method [sample_automation] with [class [Ljava.lang.String;].
For more information on native dependency injection please refer to https://testng.org/doc/documentation-main.html#native-dependency-injection">
      <![CDATA[org.testng.TestNGException: 
Cannot inject @Test annotated Method [sample_automation] with [class [Ljava.lang.String;].
For more information on native dependency injection please refer to https://testng.org/doc/documentation-main.html#native-dependency-injection
at java.base/java.util.ArrayList.forEach(ArrayList.java:1511)
... Removed 26 stack frames]]>
    </failure>
  </testcase> <!-- sample_automation -->
  <testcase classname="testng_exception.Demo_003" name="demo3" time="42.919"/>
  <testcase classname="testng_exception.skipp_exception" name="true_test" time="0.004"/>
  <testcase classname="testng_exception.skipp_exception" name="false_test" time="0.001"/>
  <testcase classname="testng_exception.skipp_exception" name="equals_test" time="0.001"/>
  <testcase classname="testng_exception.skipp_exception" name="notequals_test" time="0.002">
    <failure type="java.lang.AssertionError" message="did not expect [55] but found [55]">
      <![CDATA[java.lang.AssertionError: did not expect [55] but found [55]
at testng_exception.skipp_exception.notequals_test(skipp_exception.java:61)
at java.base/java.util.ArrayList.forEach(ArrayList.java:1511)
... Removed 30 stack frames]]>
    </failure>
  </testcase> <!-- notequals_test -->
  <testcase classname="testng_exception.Demo_002" name="demo2" time="22.538"/>
  <testcase classname="testng_exception.Demo_001" name="demo1" time="27.832">
    <failure type="org.openqa.selenium.ElementNotInteractableException" message="element not interactable
  (Session info: chrome=105.0.5195.125)
Build info: version: &amp;apos;4.1.3&amp;apos;, revision: &amp;apos;7b1ebf28ef&amp;apos;
System info: host: &amp;apos;AJIT-LAP&amp;apos;, ip: &amp;apos;192.168.1.11&amp;apos;, os.name: &amp;apos;Windows 10&amp;apos;, os.arch: &amp;apos;amd64&amp;apos;, os.version: &amp;apos;10.0&amp;apos;, java.version: &amp;apos;18&amp;apos;
Driver info: org.openqa.selenium.chrome.ChromeDriver
Command: [bb8d85749e311c7791bad2997f4bfade, clickElement {id=b5e6a4a3-d3fa-4cd0-bb01-ad74bce1a0c0}]
Capabilities {acceptInsecureCerts: false, browserName: chrome, browserVersion: 105.0.5195.125, chrome: {chromedriverVersion: 105.0.5195.52 (412c95e51883..., userDataDir: C:\Users\AJITKU~1\AppData\L...}, goog:chromeOptions: {debuggerAddress: localhost:59653}, javascriptEnabled: true, networkConnectionEnabled: false, pageLoadStrategy: normal, platform: WINDOWS, platformName: WINDOWS, proxy: Proxy(), se:cdp: ws://localhost:59653/devtoo..., se:cdpVersion: 105.0.5195.125, setWindowRect: true, strictFileInteractability: false, timeouts: {implicit: 0, pageLoad: 300000, script: 30000}, unhandledPromptBehavior: dismiss and notify, webauthn:extension:credBlob: true, webauthn:extension:largeBlob: true, webauthn:virtualAuthenticators: true}
Element: [[ChromeDriver: chrome on WINDOWS (bb8d85749e311c7791bad2997f4bfade)] -&amp;gt; xpath: //ol[@class=&amp;apos;a-carousel&amp;apos;]/descendant::li[4]]
Session ID: bb8d85749e311c7791bad2997f4bfade">
      <![CDATA[org.openqa.selenium.ElementNotInteractableException: element not interactable
  (Session info: chrome=105.0.5195.125)
Build info: version: '4.1.3', revision: '7b1ebf28ef'
System info: host: 'AJIT-LAP', ip: '192.168.1.11', os.name: 'Windows 10', os.arch: 'amd64', os.version: '10.0', java.version: '18'
Driver info: org.openqa.selenium.chrome.ChromeDriver
Command: [bb8d85749e311c7791bad2997f4bfade, clickElement {id=b5e6a4a3-d3fa-4cd0-bb01-ad74bce1a0c0}]
Capabilities {acceptInsecureCerts: false, browserName: chrome, browserVersion: 105.0.5195.125, chrome: {chromedriverVersion: 105.0.5195.52 (412c95e51883..., userDataDir: C:\Users\AJITKU~1\AppData\L...}, goog:chromeOptions: {debuggerAddress: localhost:59653}, javascriptEnabled: true, networkConnectionEnabled: false, pageLoadStrategy: normal, platform: WINDOWS, platformName: WINDOWS, proxy: Proxy(), se:cdp: ws://localhost:59653/devtoo..., se:cdpVersion: 105.0.5195.125, setWindowRect: true, strictFileInteractability: false, timeouts: {implicit: 0, pageLoad: 300000, script: 30000}, unhandledPromptBehavior: dismiss and notify, webauthn:extension:credBlob: true, webauthn:extension:largeBlob: true, webauthn:virtualAuthenticators: true}
Element: [[ChromeDriver: chrome on WINDOWS (bb8d85749e311c7791bad2997f4bfade)] -> xpath: //ol[@class='a-carousel']/descendant::li[4]]
Session ID: bb8d85749e311c7791bad2997f4bfade
at org.openqa.selenium.remote.codec.w3c.W3CHttpResponseCodec.createException(W3CHttpResponseCodec.java:200)
at org.openqa.selenium.remote.codec.w3c.W3CHttpResponseCodec.decode(W3CHttpResponseCodec.java:133)
at org.openqa.selenium.remote.codec.w3c.W3CHttpResponseCodec.decode(W3CHttpResponseCodec.java:53)
at org.openqa.selenium.remote.HttpCommandExecutor.execute(HttpCommandExecutor.java:184)
at org.openqa.selenium.remote.service.DriverCommandExecutor.invokeExecute(DriverCommandExecutor.java:167)
at org.openqa.selenium.remote.service.DriverCommandExecutor.execute(DriverCommandExecutor.java:142)
at org.openqa.selenium.remote.RemoteWebDriver.execute(RemoteWebDriver.java:567)
at org.openqa.selenium.remote.RemoteWebElement.execute(RemoteWebElement.java:251)
at org.openqa.selenium.remote.RemoteWebElement.click(RemoteWebElement.java:77)
at testng_exception.Demo_001.demo1(Demo_001.java:22)
at java.base/java.util.ArrayList.forEach(ArrayList.java:1511)
... Removed 28 stack frames]]>
    </failure>
  </testcase> <!-- demo1 -->
  <testcase classname="testng_exception.assert_equals" name="sample_test1" time="26.066"/>
</testsuite> <!-- Demo Test -->
