<?xml version="1.0" encoding="UTF-8"?>
<!-- Generated by org.testng.reporters.JUnitXMLReporter -->
<testsuite ignored="0" hostname="AJIT-LAP" failures="1" tests="8" name="Helloworld" time="139.385" errors="0" timestamp="2022-09-15T15:59:48 IST">
  <testcase classname="test_ng001.new_exception" name="program_001" time="0.008"/>
  <testcase classname="test_ng001.new_exception" name="program_002" time="0.002"/>
  <testcase classname="test_ng001.new_exception" name="program_003" time="0.002"/>
  <testcase classname="test_ng001.new_exception" name="program_004" time="0.001"/>
  <testcase classname="testng_exception.assert_equals" name="sample_test1" time="33.49"/>
  <testcase classname="testng_exception.Demo_001" name="demo1" time="33.404">
    <failure type="org.openqa.selenium.ElementNotInteractableException" message="element not interactable
  (Session info: chrome=105.0.5195.125)
Build info: version: &amp;apos;4.1.3&amp;apos;, revision: &amp;apos;7b1ebf28ef&amp;apos;
System info: host: &amp;apos;AJIT-LAP&amp;apos;, ip: &amp;apos;192.168.1.4&amp;apos;, os.name: &amp;apos;Windows 10&amp;apos;, os.arch: &amp;apos;amd64&amp;apos;, os.version: &amp;apos;10.0&amp;apos;, java.version: &amp;apos;18&amp;apos;
Driver info: org.openqa.selenium.chrome.ChromeDriver
Command: [21e53f10f25e7a4cd44206b6cdf96d37, clickElement {id=40aac468-82f7-4768-afdd-237968f60bda}]
Capabilities {acceptInsecureCerts: false, browserName: chrome, browserVersion: 105.0.5195.125, chrome: {chromedriverVersion: 105.0.5195.52 (412c95e51883..., userDataDir: C:\Users\AJITKU~1\AppData\L...}, goog:chromeOptions: {debuggerAddress: localhost:58751}, javascriptEnabled: true, networkConnectionEnabled: false, pageLoadStrategy: normal, platform: WINDOWS, platformName: WINDOWS, proxy: Proxy(), se:cdp: ws://localhost:58751/devtoo..., se:cdpVersion: 105.0.5195.125, setWindowRect: true, strictFileInteractability: false, timeouts: {implicit: 0, pageLoad: 300000, script: 30000}, unhandledPromptBehavior: dismiss and notify, webauthn:extension:credBlob: true, webauthn:extension:largeBlob: true, webauthn:virtualAuthenticators: true}
Element: [[ChromeDriver: chrome on WINDOWS (21e53f10f25e7a4cd44206b6cdf96d37)] -&amp;gt; xpath: //ol[@class=&amp;apos;a-carousel&amp;apos;]/descendant::li[4]]
Session ID: 21e53f10f25e7a4cd44206b6cdf96d37">
      <![CDATA[org.openqa.selenium.ElementNotInteractableException: element not interactable
  (Session info: chrome=105.0.5195.125)
Build info: version: '4.1.3', revision: '7b1ebf28ef'
System info: host: 'AJIT-LAP', ip: '192.168.1.4', os.name: 'Windows 10', os.arch: 'amd64', os.version: '10.0', java.version: '18'
Driver info: org.openqa.selenium.chrome.ChromeDriver
Command: [21e53f10f25e7a4cd44206b6cdf96d37, clickElement {id=40aac468-82f7-4768-afdd-237968f60bda}]
Capabilities {acceptInsecureCerts: false, browserName: chrome, browserVersion: 105.0.5195.125, chrome: {chromedriverVersion: 105.0.5195.52 (412c95e51883..., userDataDir: C:\Users\AJITKU~1\AppData\L...}, goog:chromeOptions: {debuggerAddress: localhost:58751}, javascriptEnabled: true, networkConnectionEnabled: false, pageLoadStrategy: normal, platform: WINDOWS, platformName: WINDOWS, proxy: Proxy(), se:cdp: ws://localhost:58751/devtoo..., se:cdpVersion: 105.0.5195.125, setWindowRect: true, strictFileInteractability: false, timeouts: {implicit: 0, pageLoad: 300000, script: 30000}, unhandledPromptBehavior: dismiss and notify, webauthn:extension:credBlob: true, webauthn:extension:largeBlob: true, webauthn:virtualAuthenticators: true}
Element: [[ChromeDriver: chrome on WINDOWS (21e53f10f25e7a4cd44206b6cdf96d37)] -> xpath: //ol[@class='a-carousel']/descendant::li[4]]
Session ID: 21e53f10f25e7a4cd44206b6cdf96d37
at org.openqa.selenium.remote.codec.w3c.W3CHttpResponseCodec.createException(W3CHttpResponseCodec.java:200)
at org.openqa.selenium.remote.codec.w3c.W3CHttpResponseCodec.decode(W3CHttpResponseCodec.java:133)
at org.openqa.selenium.remote.codec.w3c.W3CHttpResponseCodec.decode(W3CHttpResponseCodec.java:53)
at org.openqa.selenium.remote.HttpCommandExecutor.execute(HttpCommandExecutor.java:184)
at org.openqa.selenium.remote.service.DriverCommandExecutor.invokeExecute(DriverCommandExecutor.java:167)
at org.openqa.selenium.remote.service.DriverCommandExecutor.execute(DriverCommandExecutor.java:142)
at org.openqa.selenium.remote.RemoteWebDriver.execute(RemoteWebDriver.java:567)
at org.openqa.selenium.remote.RemoteWebElement.execute(RemoteWebElement.java:251)
at org.openqa.selenium.remote.RemoteWebElement.click(RemoteWebElement.java:77)
at testng_exception.Demo_001.demo1(Demo_001.java:22)
at java.base/java.util.ArrayList.forEach(ArrayList.java:1511)
... Removed 28 stack frames]]>
    </failure>
  </testcase> <!-- demo1 -->
  <testcase classname="testng_exception.Demo_002" name="demo2" time="22.664"/>
  <testcase classname="testng_exception.Demo_003" name="demo3" time="49.769"/>
</testsuite> <!-- Helloworld -->
