<?xml version="1.0" encoding="UTF-8"?>
<!-- Generated by org.testng.reporters.JUnitXMLReporter -->
<testsuite ignored="0" hostname="AJIT-LAP" failures="1" tests="1" name="Regression validate title Test" time="0.004" errors="0" timestamp="2023-02-11T23:20:45 IST">
  <testcase classname="regression.Demo_validation" name="validtitiles" time="0.001">
    <failure type="java.lang.AssertionError" message="The following asserts failed:
	expected [Yahoo.com] but found [Gmail.com],
	page not found expected [false] but found [true],
	checkbox not present expected [false] but found [true]">
      <![CDATA[java.lang.AssertionError: The following asserts failed:
expected [Yahoo.com] but found [Gmail.com],
page not found expected [false] but found [true],
checkbox not present expected [false] but found [true]
at regression.Demo_validation.validtitiles(Demo_validation.java:25)
at java.base/java.util.ArrayList.forEach(ArrayList.java:1511)
... Removed 28 stack frames]]>
    </failure>
  </testcase> <!-- validtitiles -->
</testsuite> <!-- Regression validate title Test -->
